0 info it worked if it ends with ok
1 verbose cli [
1 verbose cli   'C:\\Program Files\\nodejs\\node.exe',
1 verbose cli   'C:\\Users\\k.RAM  babu\\AppData\\Roaming\\npm\\node_modules\\npm\\bin\\npm-cli.js',
1 verbose cli   'run',
1 verbose cli   'client'
1 verbose cli ]
2 info using npm@3.10.10
3 info using node@v12.13.1
4 verbose run-script [ 'preclient', 'client', 'postclient' ]
5 info lifecycle project1@1.0.0~preclient: project1@1.0.0
6 silly lifecycle project1@1.0.0~preclient: no script for preclient, continuing
7 info lifecycle project1@1.0.0~client: project1@1.0.0
8 verbose lifecycle project1@1.0.0~client: unsafe-perm in lifecycle true
9 verbose lifecycle project1@1.0.0~client: PATH: C:\Users\k.RAM  babu\AppData\Roaming\npm\node_modules\npm\bin\node-gyp-bin;D:\Mern stack code\Project1\node_modules\.bin;C:\Users\k.RAM  babu\AppData\Roaming\npm\node_modules\npm\bin\node-gyp-bin;D:\Mern stack code\Project1\node_modules\.bin;C:\Program Files (x86)\Common Files\Oracle\Java\javapath;C:\Program Files (x86)\Intel\iCLS Client\;C:\Program Files\Intel\iCLS Client\;C:\WINDOWS\system32;C:\WINDOWS;C:\WINDOWS\System32\Wbem;C:\WINDOWS\System32\WindowsPowerShell\v1.0\;C:\Program Files (x86)\Intel\Intel(R) Management Engine Components\DAL;C:\Program Files\Intel\Intel(R) Management Engine Components\DAL;C:\Program Files (x86)\Intel\Intel(R) Management Engine Components\IPT;C:\Program Files\Intel\Intel(R) Management Engine Components\IPT;C:\Program Files\Java\jdk1.8.0_101\bin;C:\Program Files\Java\jre1.8.0_101\bin;C:\Program Files\Microsoft\Web Platform Installer\;C:\Program Files (x86)\Microsoft ASP.NET\ASP.NET Web Pages\v1.0\;C:\Program Files (x86)\Windows Kits\8.0\Windows Performance Toolkit\;C:\Program Files\Microsoft SQL Server\110\Tools\Binn\;C:\WINDOWS\System32\OpenSSH\;C:\Program Files\Intel\WiFi\bin\;C:\Program Files\Common Files\Intel\WirelessCommon\;C:\Users\k.RAM  babu\AppData\Local\Programs\Python\Python36\Scripts;C:\Program Files\Java\jdk1.8.0_201\bin;C:\Program Files\Java\jre1.8.0_201\bin;C:\Program Files (x86)\Tesseract-OCR;C:\Users\k.RAM  babu\Desktop\files\office 2007;C:\Program Files (x86)\Microsoft SQL Server\110\Tools\Binn\;C:\Program Files\Microsoft SQL Server\110\DTS\Binn\;C:\Program Files (x86)\Microsoft SQL Server\110\Tools\Binn\ManagementStudio\;C:\Program Files (x86)\Microsoft SQL Server\110\DTS\Binn\;C:\Program Files\Tesseract-OCR;C:\Program Files (x86)\Microsoft Office\Office12\EXCEL.EXE\;C:\Program Files\MongoDB\Server\4.0\bin;C:\Program Files\nodejs\;C:\Program Files\TortoiseSVN\bin;D:\git installation files\Install here\Git\cmd;C:\Program Files (x86)\Yarn\bin\;C:\Users\k.RAM  babu\AppData\Local\Programs\Python\Python36\Scripts\;C:\Users\k.RAM  babu\AppData\Local\Programs\Python\Python36\;C:\Users\k.RAM  babu\AppData\Local\Microsoft\WindowsApps\;C:\Program Files (x86)\Java\jdk1.8.0_131\bin;C:\Program Files (x86)\Java\jre1.8.0_131\bin;C:\Users\k.RAM  babu\AppData\Local\Microsoft\WindowsApps;C:\Users\k.RAM  babu\AppData\Roaming\npm;C:\Users\k.RAM  babu\AppData\Local\Yarn\bin;D:\VSCodeUserSetup\Microsoft VS Code\bin
10 verbose lifecycle project1@1.0.0~client: CWD: D:\Mern stack code\Project1
11 silly lifecycle project1@1.0.0~client: Args: [ '/d /s /c', 'npm start --prefix client' ]
12 silly lifecycle project1@1.0.0~client: Returned: code: 1  signal: null
13 info lifecycle project1@1.0.0~client: Failed to exec client script
14 verbose stack Error: project1@1.0.0 client: `npm start --prefix client`
14 verbose stack Exit status 1
14 verbose stack     at EventEmitter.<anonymous> (C:\Users\k.RAM  babu\AppData\Roaming\npm\node_modules\npm\lib\utils\lifecycle.js:255:16)
14 verbose stack     at EventEmitter.emit (events.js:210:5)
14 verbose stack     at ChildProcess.<anonymous> (C:\Users\k.RAM  babu\AppData\Roaming\npm\node_modules\npm\lib\utils\spawn.js:40:14)
14 verbose stack     at ChildProcess.emit (events.js:210:5)
14 verbose stack     at maybeClose (internal/child_process.js:1021:16)
14 verbose stack     at Process.ChildProcess._handle.onexit (internal/child_process.js:283:5)
15 verbose pkgid project1@1.0.0
16 verbose cwd D:\Mern stack code\Project1
17 error Windows_NT 10.0.18362
18 error argv "C:\\Program Files\\nodejs\\node.exe" "C:\\Users\\k.RAM  babu\\AppData\\Roaming\\npm\\node_modules\\npm\\bin\\npm-cli.js" "run" "client"
19 error node v12.13.1
20 error npm  v3.10.10
21 error code ELIFECYCLE
22 error project1@1.0.0 client: `npm start --prefix client`
22 error Exit status 1
23 error Failed at the project1@1.0.0 client script 'npm start --prefix client'.
23 error Make sure you have the latest version of node.js and npm installed.
23 error If you do, this is most likely a problem with the project1 package,
23 error not with npm itself.
23 error Tell the author that this fails on your system:
23 error     npm start --prefix client
23 error You can get information on how to open an issue for this project with:
23 error     npm bugs project1
23 error Or if that isn't available, you can get their info via:
23 error     npm owner ls project1
23 error There is likely additional logging output above.
24 verbose exit [ 1, true ]
